\BOOKMARK [1][-]{section.1}{\376\377\000I\000n\000t\000r\000o\000d\000u\000c\000t\000i\000o\000n}{}% 1
\BOOKMARK [1][-]{section.2}{\376\377\000P\000r\000o\000b\000l\000e\000m\000\040\000a\000n\000d\000\040\000M\000o\000t\000i\000v\000a\000t\000i\000o\000n}{}% 2
\BOOKMARK [1][-]{section.3}{\376\377\000D\000a\000t\000a\000s\000e\000t\000s}{}% 3
\BOOKMARK [2][-]{subsection.3.1}{\376\377\000D\000i\000g\000i\000t\000i\000s\000a\000t\000i\000o\000n\000\040\000a\000n\000d\000\040\000D\000a\000t\000a\000\040\000H\000a\000n\000d\000l\000i\000n\000g}{section.3}% 4
\BOOKMARK [2][-]{subsection.3.2}{\376\377\000C\000o\000m\000p\000u\000t\000i\000n\000g\000\040\000M\000e\000a\000s\000u\000r\000e\000s}{section.3}% 5
\BOOKMARK [1][-]{section.4}{\376\377\000V\000a\000l\000i\000d\000i\000t\000y\000\040\000a\000n\000d\000\040\000R\000e\000l\000i\000a\000b\000i\000l\000i\000t\000y}{}% 6
\BOOKMARK [2][-]{subsection.4.1}{\376\377\000V\000a\000l\000i\000d\000i\000t\000y\000\040\000\050\000R\000e\000p\000r\000e\000s\000e\000n\000t\000a\000t\000i\000o\000n\000\040\000o\000f\000\040\000R\000e\000a\000l\000i\000t\000y\000\051}{section.4}% 7
\BOOKMARK [2][-]{subsection.4.2}{\376\377\000R\000e\000l\000i\000a\000b\000i\000l\000i\000t\000y\000\040\000\050\000R\000e\000p\000r\000o\000d\000u\000c\000i\000b\000i\000l\000i\000t\000y\000\051}{section.4}% 8
\BOOKMARK [1][-]{section.5}{\376\377\000M\000e\000a\000s\000u\000r\000e\000s\000\040\000a\000n\000d\000\040\000R\000e\000s\000u\000l\000t\000s}{}% 9
\BOOKMARK [2][-]{subsection.5.1}{\376\377\000I\000t\000a\000l\000i\000a\000n\000\040\000g\000a\000n\000g}{section.5}% 10
\BOOKMARK [3][-]{subsubsection.5.1.1}{\376\377\000S\000t\000r\000u\000c\000t\000u\000r\000a\000l\000\040\000a\000n\000a\000l\000y\000s\000i\000s}{subsection.5.1}% 11
\BOOKMARK [3][-]{subsubsection.5.1.2}{\376\377\000M\000a\000c\000r\000o\000-\000l\000e\000v\000e\000l\000\040\000C\000o\000h\000e\000s\000i\000o\000n\000\040\000a\000n\000d\000\040\000S\000t\000r\000u\000c\000t\000u\000r\000e}{subsection.5.1}% 12
\BOOKMARK [3][-]{subsubsection.5.1.3}{\376\377\000M\000i\000c\000r\000o\000-\000l\000e\000v\000e\000l\000\040\000C\000e\000n\000t\000r\000a\000l\000i\000t\000y\000\040\000a\000n\000d\000\040\000S\000o\000c\000i\000a\000l\000\040\000R\000o\000l\000e\000s}{subsection.5.1}% 13
\BOOKMARK [3][-]{subsubsection.5.1.4}{\376\377\000H\000i\000e\000r\000a\000r\000c\000h\000y\000\040\000a\000n\000d\000\040\000V\000u\000l\000n\000e\000r\000a\000b\000i\000l\000i\000t\000y}{subsection.5.1}% 14
\BOOKMARK [3][-]{subsubsection.5.1.5}{\376\377\000S\000y\000n\000t\000h\000e\000s\000i\000s\000:\000\040\000C\000o\000n\000n\000e\000c\000t\000i\000o\000n\000\040\000B\000e\000t\000w\000e\000e\000n\000\040\000D\000a\000t\000a\000,\000\040\000M\000e\000a\000s\000u\000r\000e\000s\000,\000\040\000a\000n\000d\000\040\000P\000r\000o\000p\000e\000r\000t\000i\000e\000s}{subsection.5.1}% 15
\BOOKMARK [3][-]{subsubsection.5.1.6}{\376\377\000E\000t\000h\000n\000i\000c\000i\000t\000y\000\040\000a\000n\000a\000l\000y\000s\000i\000s}{subsection.5.1}% 16
\BOOKMARK [2][-]{subsection.5.2}{\376\377\000L\000o\000n\000d\000o\000n\000\040\000g\000a\000n\000g}{section.5}% 17
\BOOKMARK [3][-]{subsubsection.5.2.1}{\376\377\000M\000a\000c\000r\000o\000-\000l\000e\000v\000e\000l\000\040\000C\000o\000h\000e\000s\000i\000o\000n\000\040\000a\000n\000d\000\040\000S\000t\000r\000u\000c\000t\000u\000r\000e}{subsection.5.2}% 18
\BOOKMARK [3][-]{subsubsection.5.2.2}{\376\377\000M\000i\000c\000r\000o\000-\000l\000e\000v\000e\000l\000\040\000C\000e\000n\000t\000r\000a\000l\000i\000t\000y\000\040\000a\000n\000d\000\040\000S\000o\000c\000i\000a\000l\000\040\000R\000o\000l\000e\000s}{subsection.5.2}% 19
\BOOKMARK [3][-]{subsubsection.5.2.3}{\376\377\000H\000i\000e\000r\000a\000r\000c\000h\000y\000\040\000a\000n\000d\000\040\000V\000u\000l\000n\000e\000r\000a\000b\000i\000l\000i\000t\000y}{subsection.5.2}% 20
\BOOKMARK [3][-]{subsubsection.5.2.4}{\376\377\000S\000y\000n\000t\000h\000e\000s\000i\000s\000:\000\040\000C\000o\000n\000n\000e\000c\000t\000i\000o\000n\000\040\000B\000e\000t\000w\000e\000e\000n\000\040\000D\000a\000t\000a\000,\000\040\000M\000e\000a\000s\000u\000r\000e\000s\000,\000\040\000a\000n\000d\000\040\000P\000r\000o\000p\000e\000r\000t\000i\000e\000s}{subsection.5.2}% 21
\BOOKMARK [3][-]{subsubsection.5.2.5}{\376\377\000E\000t\000h\000n\000i\000c\000i\000t\000y\000\040\000a\000n\000a\000l\000y\000s\000i\000s}{subsection.5.2}% 22
\BOOKMARK [2][-]{subsection.5.3}{\376\377\000C\000o\000m\000p\000a\000r\000i\000s\000o\000n}{section.5}% 23
\BOOKMARK [3][-]{subsubsection.5.3.1}{\376\377\000N\000e\000t\000w\000o\000r\000k\000\040\000T\000o\000p\000o\000l\000o\000g\000y\000\040\000a\000n\000d\000\040\000C\000o\000h\000e\000s\000i\000o\000n}{subsection.5.3}% 24
\BOOKMARK [3][-]{subsubsection.5.3.2}{\376\377\000C\000e\000n\000t\000r\000a\000l\000i\000t\000y\000\040\000M\000e\000a\000s\000u\000r\000e\000s\000:\000\040\000H\000i\000e\000r\000a\000r\000c\000h\000y\000,\000\040\000L\000e\000a\000d\000e\000r\000s\000h\000i\000p\000\040\000a\000n\000d\000\040\000B\000r\000o\000k\000e\000r\000a\000g\000e}{subsection.5.3}% 25
\BOOKMARK [3][-]{subsubsection.5.3.3}{\376\377\000K\000-\000C\000o\000r\000e\000\040\000a\000n\000d\000\040\000R\000o\000b\000u\000s\000t\000n\000e\000s\000s}{subsection.5.3}% 26
\BOOKMARK [3][-]{subsubsection.5.3.4}{\376\377\000E\000t\000h\000n\000i\000c\000i\000t\000y\000\040\000A\000n\000a\000l\000y\000s\000i\000s}{subsection.5.3}% 27
\BOOKMARK [1][-]{section.6}{\376\377\000C\000o\000n\000c\000l\000u\000s\000i\000o\000n}{}% 28
\BOOKMARK [1][-]{section.7}{\376\377\000C\000r\000i\000t\000i\000q\000u\000e}{}% 29
